[0.890s] Invoking command in '/home/roots/PythonRos2_scripting/src/service_talker': PYTHONPATH=/home/roots/PythonRos2_scripting/build/service_talker/prefix_override:/usr/lib/python3/dist-packages/colcon_core/task/python/colcon_distutils_commands:/home/roots/PythonRos2_scripting/install/service_talker/lib/python3.10/site-packages:${PYTHONPATH} /usr/bin/python3 -W ignore:setup.py install is deprecated -W ignore:easy_install command is deprecated setup.py egg_info --egg-base ../../build/service_talker build --build-base /home/roots/PythonRos2_scripting/build/service_talker/build install --record /home/roots/PythonRos2_scripting/build/service_talker/install.log --single-version-externally-managed install_data
[1.183s] running egg_info
[1.184s] writing ../../build/service_talker/service_talker.egg-info/PKG-INFO
[1.184s] writing dependency_links to ../../build/service_talker/service_talker.egg-info/dependency_links.txt
[1.185s] writing entry points to ../../build/service_talker/service_talker.egg-info/entry_points.txt
[1.185s] writing requirements to ../../build/service_talker/service_talker.egg-info/requires.txt
[1.185s] writing top-level names to ../../build/service_talker/service_talker.egg-info/top_level.txt
[1.188s] reading manifest file '../../build/service_talker/service_talker.egg-info/SOURCES.txt'
[1.188s] adding license file 'LICENSE'
[1.189s] writing manifest file '../../build/service_talker/service_talker.egg-info/SOURCES.txt'
[1.189s] running build
[1.189s] running build_py
[1.190s] running install
[1.191s] running install_lib
[1.192s] running install_data
[1.193s] running install_egg_info
[1.195s] removing '/home/roots/PythonRos2_scripting/install/service_talker/lib/python3.10/site-packages/service_talker-0.0.0-py3.10.egg-info' (and everything under it)
[1.196s] Copying ../../build/service_talker/service_talker.egg-info to /home/roots/PythonRos2_scripting/install/service_talker/lib/python3.10/site-packages/service_talker-0.0.0-py3.10.egg-info
[1.197s] running install_scripts
[1.222s] Installing talker_trigger_node script to /home/roots/PythonRos2_scripting/install/service_talker/lib/service_talker
[1.223s] writing list of installed files to '/home/roots/PythonRos2_scripting/build/service_talker/install.log'
[1.260s] Invoked command in '/home/roots/PythonRos2_scripting/src/service_talker' returned '0': PYTHONPATH=/home/roots/PythonRos2_scripting/build/service_talker/prefix_override:/usr/lib/python3/dist-packages/colcon_core/task/python/colcon_distutils_commands:/home/roots/PythonRos2_scripting/install/service_talker/lib/python3.10/site-packages:${PYTHONPATH} /usr/bin/python3 -W ignore:setup.py install is deprecated -W ignore:easy_install command is deprecated setup.py egg_info --egg-base ../../build/service_talker build --build-base /home/roots/PythonRos2_scripting/build/service_talker/build install --record /home/roots/PythonRos2_scripting/build/service_talker/install.log --single-version-externally-managed install_data
