[0.000000] (-) TimerEvent: {}
[0.000436] (service_talker) JobQueued: {'identifier': 'service_talker', 'dependencies': OrderedDict()}
[0.000531] (service_talker) JobStarted: {'identifier': 'service_talker'}
[0.099412] (-) TimerEvent: {}
[0.199712] (-) TimerEvent: {}
[0.299991] (-) TimerEvent: {}
[0.400329] (-) TimerEvent: {}
[0.500640] (-) TimerEvent: {}
[0.600949] (-) TimerEvent: {}
[0.701251] (-) TimerEvent: {}
[0.777902] (service_talker) Command: {'cmd': ['/usr/bin/python3', '-W', 'ignore:setup.py install is deprecated', '-W', 'ignore:easy_install command is deprecated', 'setup.py', 'egg_info', '--egg-base', '../../build/service_talker', 'build', '--build-base', '/home/roots/PythonRos2_scripting/build/service_talker/build', 'install', '--record', '/home/roots/PythonRos2_scripting/build/service_talker/install.log', '--single-version-externally-managed', 'install_data'], 'cwd': '/home/roots/PythonRos2_scripting/src/service_talker', 'env': {'LANGUAGE': 'en_IN:en', 'USER': 'roots', 'FONTCONFIG_PATH': '/etc/fonts', 'GIO_MODULE_DIR': '/home/roots/snap/code/common/.cache/gio-modules', 'XDG_SESSION_TYPE': 'wayland', 'GTK_EXE_PREFIX_VSCODE_SNAP_ORIG': '', 'GIT_ASKPASS': '/snap/code/188/usr/share/code/resources/app/extensions/git/dist/askpass.sh', 'GDK_BACKEND_VSCODE_SNAP_ORIG': '', 'SHLVL': '2', 'LD_LIBRARY_PATH': '/usr/lib/x86_64-linux-gnu/gazebo-11/plugins:/opt/ros/humble/opt/rviz_ogre_vendor/lib:/opt/ros/humble/lib/x86_64-linux-gnu:/opt/ros/humble/lib', 'LESS': '-R', 'HOME': '/home/roots', 'LOCPATH_VSCODE_SNAP_ORIG': '', 'OLDPWD': '/home/roots/PythonRos2_scripting/src', 'CHROME_DESKTOP': 'code.desktop', 'DESKTOP_SESSION': 'ubuntu', 'GTK_PATH': '/snap/code/188/usr/lib/x86_64-linux-gnu/gtk-3.0', 'TERM_PROGRAM_VERSION': '1.99.0', 'LSCOLORS': 'Gxfxcxdxbxegedabagacad', 'ZSH': '/home/roots/.oh-my-zsh', 'XDG_DATA_HOME_VSCODE_SNAP_ORIG': '', 'GTK_IM_MODULE_FILE': '/home/roots/snap/code/common/.cache/immodules/immodules.cache', 'ROS_PYTHON_VERSION': '3', 'GNOME_SHELL_SESSION_MODE': 'ubuntu', 'GTK_MODULES': 'gail:atk-bridge', 'GSETTINGS_SCHEMA_DIR_VSCODE_SNAP_ORIG': '', 'PAGER': 'less', 'VSCODE_GIT_ASKPASS_MAIN': '/snap/code/188/usr/share/code/resources/app/extensions/git/dist/askpass-main.js', 'VSCODE_GIT_ASKPASS_NODE': '/snap/code/188/usr/share/code/code', 'P9K_TTY': 'old', 'SYSTEMD_EXEC_PID': '1847', 'DBUS_SESSION_BUS_ADDRESS': 'unix:path=/run/user/1000/bus', 'PYDEVD_DISABLE_FILE_VALIDATION': '1', 'BUNDLED_DEBUGPY_PATH': '/home/roots/.vscode/extensions/ms-python.debugpy-2025.6.0-linux-x64/bundled/libs/debugpy', 'COLORTERM': 'truecolor', 'WAYLAND_DISPLAY': 'wayland-0', 'ROS_DISTRO': 'humble', 'COLCON_PREFIX_PATH': '/home/roots/PythonRos2_scripting/install:/install', 'LOGNAME': 'roots', '_P9K_SSH_TTY': '/dev/pts/2', '_': '/usr/bin/colcon', 'ROS_VERSION': '2', 'XDG_CONFIG_DIRS_VSCODE_SNAP_ORIG': '', 'XDG_SESSION_CLASS': 'user', 'XDG_DATA_DIRS_VSCODE_SNAP_ORIG': '/usr/local/share/:/usr/share/:/var/lib/snapd/desktop', 'USER_ZDOTDIR': '/home/roots', 'USERNAME': 'roots', 'TERM': 'xterm-256color', 'GNOME_DESKTOP_SESSION_ID': 'this-is-deprecated', 'ROS_LOCALHOST_ONLY': '0', 'PATH': '/opt/ros/humble/bin:/usr/local/sbin:/usr/local/bin:/usr/sbin:/usr/bin:/sbin:/bin:/usr/games:/usr/local/games:/snap/bin:/snap/bin:/home/roots/.vscode/extensions/ms-python.debugpy-2025.6.0-linux-x64/bundled/scripts/noConfigScripts', 'SESSION_MANAGER': 'local/roots-OptiPlex-3020:@/tmp/.ICE-unix/1815,unix/roots-OptiPlex-3020:/tmp/.ICE-unix/1815', 'GTK_EXE_PREFIX': '/snap/code/188/usr', 'XDG_MENU_PREFIX': 'gnome-', 'GNOME_TERMINAL_SCREEN': '/org/gnome/Terminal/screen/69d06ac0_660f_46b6_9bd2_9f9e82799dbc', 'GNOME_SETUP_DISPLAY': ':1', 'XDG_RUNTIME_DIR': '/run/user/1000', 'GDK_BACKEND': 'x11', 'DISPLAY': ':0', 'LOCPATH': '/snap/code/188/usr/lib/locale', 'LANG': 'en_US.UTF-8', 'XDG_CURRENT_DESKTOP': 'Unity', 'VSCODE_DEBUGPY_ADAPTER_ENDPOINTS': '/home/roots/.vscode/extensions/ms-python.debugpy-2025.6.0-linux-x64/.noConfigDebugAdapterEndpoints/endpoint-b0d85fd25e2160d5.txt', 'VSCODE_INJECTION': '1', 'GIO_MODULE_DIR_VSCODE_SNAP_ORIG': '', 'XDG_DATA_HOME': '/home/roots/snap/code/188/.local/share', 'XMODIFIERS': '@im=ibus', 'XDG_SESSION_DESKTOP': 'ubuntu', 'XAUTHORITY': '/run/user/1000/.mutter-Xwaylandauth.FDUM42', 'LS_COLORS': 'di=34:ln=36:so=35:pi=33:ex=32:bd=46:cd=42:su=41:sg=43:tw=44:ow=45', 'GNOME_TERMINAL_SERVICE': ':1.117', 'TERM_PROGRAM': 'vscode', 'VSCODE_GIT_IPC_HANDLE': '/run/user/1000/vscode-git-fe459d77fb.sock', 'SSH_AGENT_LAUNCHER': 'gnome-keyring', 'SSH_AUTH_SOCK': '/run/user/1000/keyring/ssh', 'GSETTINGS_SCHEMA_DIR': '/home/roots/snap/code/188/.local/share/glib-2.0/schemas', 'ROS_DOMAIN_ID': '30', 'AMENT_PREFIX_PATH': '/home/roots/PythonRos2_scripting/install/service_talker:/install/py_pubsub:/opt/ros/humble', 'ORIGINAL_XDG_CURRENT_DESKTOP': 'ubuntu:GNOME', 'SHELL': '/usr/bin/zsh', 'QT_ACCESSIBILITY': '1', 'GDMSESSION': 'ubuntu', 'GTK_PATH_VSCODE_SNAP_ORIG': '', 'FONTCONFIG_FILE': '/etc/fonts/fonts.conf', 'GTK_IM_MODULE_FILE_VSCODE_SNAP_ORIG': '', 'P9K_SSH': '0', 'BOO': '100', 'QT_IM_MODULE': 'ibus', 'VSCODE_GIT_ASKPASS_EXTRA_ARGS': '', 'VSCODE_NONCE': 'ec3f552a-597f-4d74-8a27-30d29427a624', 'PWD': '/home/roots/PythonRos2_scripting/build/service_talker', '_P9K_TTY': '/dev/pts/2', 'XDG_DATA_DIRS': '/home/roots/snap/code/188/.local/share:/home/roots/snap/code/188:/snap/code/188/usr/share:/usr/local/share/:/usr/share/:/var/lib/snapd/desktop', 'ZDOTDIR': '/home/roots', 'PYTHONPATH': '/home/roots/PythonRos2_scripting/build/service_talker/prefix_override:/usr/lib/python3/dist-packages/colcon_core/task/python/colcon_distutils_commands:/home/roots/PythonRos2_scripting/install/service_talker/lib/python3.10/site-packages:/home/roots/PythonRos2_scripting/install/service_talker/lib/python3.10/site-packages:/install/py_pubsub/lib/python3.10/site-packages:/opt/ros/humble/lib/python3.10/site-packages:/opt/ros/humble/local/lib/python3.10/dist-packages', 'COLCON': '1', 'VTE_VERSION': '6800'}, 'shell': False}
[0.801357] (-) TimerEvent: {}
[0.901577] (-) TimerEvent: {}
[1.001832] (-) TimerEvent: {}
[1.069279] (service_talker) StdoutLine: {'line': b'running egg_info\n'}
[1.070492] (service_talker) StdoutLine: {'line': b'writing ../../build/service_talker/service_talker.egg-info/PKG-INFO\n'}
[1.070807] (service_talker) StdoutLine: {'line': b'writing dependency_links to ../../build/service_talker/service_talker.egg-info/dependency_links.txt\n'}
[1.071004] (service_talker) StdoutLine: {'line': b'writing entry points to ../../build/service_talker/service_talker.egg-info/entry_points.txt\n'}
[1.071142] (service_talker) StdoutLine: {'line': b'writing requirements to ../../build/service_talker/service_talker.egg-info/requires.txt\n'}
[1.071255] (service_talker) StdoutLine: {'line': b'writing top-level names to ../../build/service_talker/service_talker.egg-info/top_level.txt\n'}
[1.074160] (service_talker) StdoutLine: {'line': b"reading manifest file '../../build/service_talker/service_talker.egg-info/SOURCES.txt'\n"}
[1.074508] (service_talker) StdoutLine: {'line': b"adding license file 'LICENSE'\n"}
[1.075496] (service_talker) StdoutLine: {'line': b"writing manifest file '../../build/service_talker/service_talker.egg-info/SOURCES.txt'\n"}
[1.075648] (service_talker) StdoutLine: {'line': b'running build\n'}
[1.075779] (service_talker) StdoutLine: {'line': b'running build_py\n'}
[1.076341] (service_talker) StdoutLine: {'line': b'running install\n'}
[1.076818] (service_talker) StdoutLine: {'line': b'running install_lib\n'}
[1.078629] (service_talker) StdoutLine: {'line': b'running install_data\n'}
[1.078777] (service_talker) StdoutLine: {'line': b'running install_egg_info\n'}
[1.081943] (service_talker) StdoutLine: {'line': b"removing '/home/roots/PythonRos2_scripting/install/service_talker/lib/python3.10/site-packages/service_talker-0.0.0-py3.10.egg-info' (and everything under it)\n"}
[1.082318] (service_talker) StdoutLine: {'line': b'Copying ../../build/service_talker/service_talker.egg-info to /home/roots/PythonRos2_scripting/install/service_talker/lib/python3.10/site-packages/service_talker-0.0.0-py3.10.egg-info\n'}
[1.083443] (service_talker) StdoutLine: {'line': b'running install_scripts\n'}
[1.101940] (-) TimerEvent: {}
[1.104074] (service_talker) StdoutLine: {'line': b'Installing talker_trigger_node script to /home/roots/PythonRos2_scripting/install/service_talker/lib/service_talker\n'}
[1.104575] (service_talker) StdoutLine: {'line': b"writing list of installed files to '/home/roots/PythonRos2_scripting/build/service_talker/install.log'\n"}
[1.144791] (service_talker) CommandEnded: {'returncode': 0}
[1.155389] (service_talker) JobEnded: {'identifier': 'service_talker', 'rc': 0}
[1.156318] (-) EventReactorShutdown: {}
