running egg_info
creating ../../build/service_talker/service_talker.egg-info
writing ../../build/service_talker/service_talker.egg-info/PKG-INFO
writing dependency_links to ../../build/service_talker/service_talker.egg-info/dependency_links.txt
writing entry points to ../../build/service_talker/service_talker.egg-info/entry_points.txt
writing requirements to ../../build/service_talker/service_talker.egg-info/requires.txt
writing top-level names to ../../build/service_talker/service_talker.egg-info/top_level.txt
writing manifest file '../../build/service_talker/service_talker.egg-info/SOURCES.txt'
reading manifest file '../../build/service_talker/service_talker.egg-info/SOURCES.txt'
adding license file 'LICENSE'
writing manifest file '../../build/service_talker/service_talker.egg-info/SOURCES.txt'
running build
running build_py
creating /home/roots/PythonRos2_scripting/build/service_talker/build
creating /home/roots/PythonRos2_scripting/build/service_talker/build/lib
creating /home/roots/PythonRos2_scripting/build/service_talker/build/lib/service_talker
copying service_talker/__init__.py -> /home/roots/PythonRos2_scripting/build/service_talker/build/lib/service_talker
copying service_talker/ros2_commands.py -> /home/roots/PythonRos2_scripting/build/service_talker/build/lib/service_talker
copying service_talker/ros2_serviceCall.py -> /home/roots/PythonRos2_scripting/build/service_talker/build/lib/service_talker
running install
running install_lib
creating /home/roots/PythonRos2_scripting/install/service_talker/lib/python3.10/site-packages/service_talker
copying /home/roots/PythonRos2_scripting/build/service_talker/build/lib/service_talker/__init__.py -> /home/roots/PythonRos2_scripting/install/service_talker/lib/python3.10/site-packages/service_talker
copying /home/roots/PythonRos2_scripting/build/service_talker/build/lib/service_talker/ros2_commands.py -> /home/roots/PythonRos2_scripting/install/service_talker/lib/python3.10/site-packages/service_talker
copying /home/roots/PythonRos2_scripting/build/service_talker/build/lib/service_talker/ros2_serviceCall.py -> /home/roots/PythonRos2_scripting/install/service_talker/lib/python3.10/site-packages/service_talker
byte-compiling /home/roots/PythonRos2_scripting/install/service_talker/lib/python3.10/site-packages/service_talker/__init__.py to __init__.cpython-310.pyc
byte-compiling /home/roots/PythonRos2_scripting/install/service_talker/lib/python3.10/site-packages/service_talker/ros2_commands.py to ros2_commands.cpython-310.pyc
byte-compiling /home/roots/PythonRos2_scripting/install/service_talker/lib/python3.10/site-packages/service_talker/ros2_serviceCall.py to ros2_serviceCall.cpython-310.pyc
running install_data
creating /home/roots/PythonRos2_scripting/install/service_talker/share/ament_index
creating /home/roots/PythonRos2_scripting/install/service_talker/share/ament_index/resource_index
creating /home/roots/PythonRos2_scripting/install/service_talker/share/ament_index/resource_index/packages
copying resource/service_talker -> /home/roots/PythonRos2_scripting/install/service_talker/share/ament_index/resource_index/packages
copying package.xml -> /home/roots/PythonRos2_scripting/install/service_talker/share/service_talker
running install_egg_info
Copying ../../build/service_talker/service_talker.egg-info to /home/roots/PythonRos2_scripting/install/service_talker/lib/python3.10/site-packages/service_talker-0.0.0-py3.10.egg-info
running install_scripts
Installing talker_trigger_node script to /home/roots/PythonRos2_scripting/install/service_talker/lib/service_talker
writing list of installed files to '/home/roots/PythonRos2_scripting/build/service_talker/install.log'
