[0.966s] Invoking command in '/home/roots/PythonRos2_scripting/src/service_talker': PYTHONPATH=/home/roots/PythonRos2_scripting/build/service_talker/prefix_override:/usr/lib/python3/dist-packages/colcon_core/task/python/colcon_distutils_commands:/home/roots/PythonRos2_scripting/install/service_talker/lib/python3.10/site-packages:${PYTHONPATH} /usr/bin/python3 -W ignore:setup.py install is deprecated -W ignore:easy_install command is deprecated setup.py egg_info --egg-base ../../build/service_talker build --build-base /home/roots/PythonRos2_scripting/build/service_talker/build install --record /home/roots/PythonRos2_scripting/build/service_talker/install.log --single-version-externally-managed install_data
[1.252s] running egg_info
[1.253s] creating ../../build/service_talker/service_talker.egg-info
[1.254s] writing ../../build/service_talker/service_talker.egg-info/PKG-INFO
[1.254s] writing dependency_links to ../../build/service_talker/service_talker.egg-info/dependency_links.txt
[1.254s] writing entry points to ../../build/service_talker/service_talker.egg-info/entry_points.txt
[1.254s] writing requirements to ../../build/service_talker/service_talker.egg-info/requires.txt
[1.254s] writing top-level names to ../../build/service_talker/service_talker.egg-info/top_level.txt
[1.255s] writing manifest file '../../build/service_talker/service_talker.egg-info/SOURCES.txt'
[1.258s] reading manifest file '../../build/service_talker/service_talker.egg-info/SOURCES.txt'
[1.258s] adding license file 'LICENSE'
[1.259s] writing manifest file '../../build/service_talker/service_talker.egg-info/SOURCES.txt'
[1.259s] running build
[1.259s] running build_py
[1.259s] creating /home/roots/PythonRos2_scripting/build/service_talker/build
[1.260s] creating /home/roots/PythonRos2_scripting/build/service_talker/build/lib
[1.260s] creating /home/roots/PythonRos2_scripting/build/service_talker/build/lib/service_talker
[1.260s] copying service_talker/__init__.py -> /home/roots/PythonRos2_scripting/build/service_talker/build/lib/service_talker
[1.260s] copying service_talker/ros2_commands.py -> /home/roots/PythonRos2_scripting/build/service_talker/build/lib/service_talker
[1.260s] copying service_talker/ros2_serviceCall.py -> /home/roots/PythonRos2_scripting/build/service_talker/build/lib/service_talker
[1.260s] running install
[1.261s] running install_lib
[1.262s] creating /home/roots/PythonRos2_scripting/install/service_talker/lib/python3.10/site-packages/service_talker
[1.262s] copying /home/roots/PythonRos2_scripting/build/service_talker/build/lib/service_talker/__init__.py -> /home/roots/PythonRos2_scripting/install/service_talker/lib/python3.10/site-packages/service_talker
[1.262s] copying /home/roots/PythonRos2_scripting/build/service_talker/build/lib/service_talker/ros2_commands.py -> /home/roots/PythonRos2_scripting/install/service_talker/lib/python3.10/site-packages/service_talker
[1.263s] copying /home/roots/PythonRos2_scripting/build/service_talker/build/lib/service_talker/ros2_serviceCall.py -> /home/roots/PythonRos2_scripting/install/service_talker/lib/python3.10/site-packages/service_talker
[1.263s] byte-compiling /home/roots/PythonRos2_scripting/install/service_talker/lib/python3.10/site-packages/service_talker/__init__.py to __init__.cpython-310.pyc
[1.264s] byte-compiling /home/roots/PythonRos2_scripting/install/service_talker/lib/python3.10/site-packages/service_talker/ros2_commands.py to ros2_commands.cpython-310.pyc
[1.264s] byte-compiling /home/roots/PythonRos2_scripting/install/service_talker/lib/python3.10/site-packages/service_talker/ros2_serviceCall.py to ros2_serviceCall.cpython-310.pyc
[1.265s] running install_data
[1.265s] creating /home/roots/PythonRos2_scripting/install/service_talker/share/ament_index
[1.265s] creating /home/roots/PythonRos2_scripting/install/service_talker/share/ament_index/resource_index
[1.265s] creating /home/roots/PythonRos2_scripting/install/service_talker/share/ament_index/resource_index/packages
[1.265s] copying resource/service_talker -> /home/roots/PythonRos2_scripting/install/service_talker/share/ament_index/resource_index/packages
[1.265s] copying package.xml -> /home/roots/PythonRos2_scripting/install/service_talker/share/service_talker
[1.265s] running install_egg_info
[1.269s] Copying ../../build/service_talker/service_talker.egg-info to /home/roots/PythonRos2_scripting/install/service_talker/lib/python3.10/site-packages/service_talker-0.0.0-py3.10.egg-info
[1.271s] running install_scripts
[1.292s] Installing talker_trigger_node script to /home/roots/PythonRos2_scripting/install/service_talker/lib/service_talker
[1.292s] writing list of installed files to '/home/roots/PythonRos2_scripting/build/service_talker/install.log'
[1.335s] Invoked command in '/home/roots/PythonRos2_scripting/src/service_talker' returned '0': PYTHONPATH=/home/roots/PythonRos2_scripting/build/service_talker/prefix_override:/usr/lib/python3/dist-packages/colcon_core/task/python/colcon_distutils_commands:/home/roots/PythonRos2_scripting/install/service_talker/lib/python3.10/site-packages:${PYTHONPATH} /usr/bin/python3 -W ignore:setup.py install is deprecated -W ignore:easy_install command is deprecated setup.py egg_info --egg-base ../../build/service_talker build --build-base /home/roots/PythonRos2_scripting/build/service_talker/build install --record /home/roots/PythonRos2_scripting/build/service_talker/install.log --single-version-externally-managed install_data
