[0.777s] Invoking command in '/home/roots/PythonRos2_scripting/src/service_talker': PYTHONPATH=/home/roots/PythonRos2_scripting/build/service_talker/prefix_override:/usr/lib/python3/dist-packages/colcon_core/task/python/colcon_distutils_commands:/home/roots/PythonRos2_scripting/install/service_talker/lib/python3.10/site-packages:${PYTHONPATH} /usr/bin/python3 -W ignore:setup.py install is deprecated -W ignore:easy_install command is deprecated setup.py egg_info --egg-base ../../build/service_talker build --build-base /home/roots/PythonRos2_scripting/build/service_talker/build install --record /home/roots/PythonRos2_scripting/build/service_talker/install.log --single-version-externally-managed install_data
[1.064s] running egg_info
[1.065s] writing ../../build/service_talker/service_talker.egg-info/PKG-INFO
[1.065s] writing dependency_links to ../../build/service_talker/service_talker.egg-info/dependency_links.txt
[1.066s] writing entry points to ../../build/service_talker/service_talker.egg-info/entry_points.txt
[1.066s] writing requirements to ../../build/service_talker/service_talker.egg-info/requires.txt
[1.066s] writing top-level names to ../../build/service_talker/service_talker.egg-info/top_level.txt
[1.068s] reading manifest file '../../build/service_talker/service_talker.egg-info/SOURCES.txt'
[1.068s] adding license file 'LICENSE'
[1.069s] writing manifest file '../../build/service_talker/service_talker.egg-info/SOURCES.txt'
[1.069s] running build
[1.069s] running build_py
[1.070s] copying service_talker/ros2_serviceCall.py -> /home/roots/PythonRos2_scripting/build/service_talker/build/lib/service_talker
[1.070s] running install
[1.070s] running install_lib
[1.072s] copying /home/roots/PythonRos2_scripting/build/service_talker/build/lib/service_talker/ros2_serviceCall.py -> /home/roots/PythonRos2_scripting/install/service_talker/lib/python3.10/site-packages/service_talker
[1.072s] byte-compiling /home/roots/PythonRos2_scripting/install/service_talker/lib/python3.10/site-packages/service_talker/ros2_serviceCall.py to ros2_serviceCall.cpython-310.pyc
[1.073s] running install_data
[1.073s] running install_egg_info
[1.076s] removing '/home/roots/PythonRos2_scripting/install/service_talker/lib/python3.10/site-packages/service_talker-0.0.0-py3.10.egg-info' (and everything under it)
[1.077s] Copying ../../build/service_talker/service_talker.egg-info to /home/roots/PythonRos2_scripting/install/service_talker/lib/python3.10/site-packages/service_talker-0.0.0-py3.10.egg-info
[1.078s] running install_scripts
[1.099s] Installing talker_trigger_node script to /home/roots/PythonRos2_scripting/install/service_talker/lib/service_talker
[1.099s] writing list of installed files to '/home/roots/PythonRos2_scripting/build/service_talker/install.log'
[1.143s] Invoked command in '/home/roots/PythonRos2_scripting/src/service_talker' returned '0': PYTHONPATH=/home/roots/PythonRos2_scripting/build/service_talker/prefix_override:/usr/lib/python3/dist-packages/colcon_core/task/python/colcon_distutils_commands:/home/roots/PythonRos2_scripting/install/service_talker/lib/python3.10/site-packages:${PYTHONPATH} /usr/bin/python3 -W ignore:setup.py install is deprecated -W ignore:easy_install command is deprecated setup.py egg_info --egg-base ../../build/service_talker build --build-base /home/roots/PythonRos2_scripting/build/service_talker/build install --record /home/roots/PythonRos2_scripting/build/service_talker/install.log --single-version-externally-managed install_data
