running egg_info
writing ../../build/service_talker/service_talker.egg-info/PKG-INFO
writing dependency_links to ../../build/service_talker/service_talker.egg-info/dependency_links.txt
writing entry points to ../../build/service_talker/service_talker.egg-info/entry_points.txt
writing requirements to ../../build/service_talker/service_talker.egg-info/requires.txt
writing top-level names to ../../build/service_talker/service_talker.egg-info/top_level.txt
reading manifest file '../../build/service_talker/service_talker.egg-info/SOURCES.txt'
adding license file 'LICENSE'
writing manifest file '../../build/service_talker/service_talker.egg-info/SOURCES.txt'
running build
running build_py
running install
running install_lib
running install_data
running install_egg_info
removing '/home/roots/PythonRos2_scripting/install/service_talker/lib/python3.10/site-packages/service_talker-0.0.0-py3.10.egg-info' (and everything under it)
Copying ../../build/service_talker/service_talker.egg-info to /home/roots/PythonRos2_scripting/install/service_talker/lib/python3.10/site-packages/service_talker-0.0.0-py3.10.egg-info
running install_scripts
Installing talker_trigger_node script to /home/roots/PythonRos2_scripting/install/service_talker/lib/service_talker
writing list of installed files to '/home/roots/PythonRos2_scripting/build/service_talker/install.log'
